<?xml version="1.0" encoding="UTF-8"?>
<testsuite xmlns:xsi="http://www.w3.org/2001/XMLSchema-instance" xsi:noNamespaceSchemaLocation="https://maven.apache.org/surefire/maven-surefire-plugin/xsd/surefire-test-report.xsd" name="hello.ApplicationTest" time="4.31" tests="3" errors="0" skipped="0" failures="0">
  <properties>
[...]
</properties>
  <testcase name="homePage" classname="hello.ApplicationTest" time="0.209"/>
  <testcase name="greetingWithUser" classname="hello.ApplicationTest" time="0.393"/>
  <testcase name="greeting" classname="hello.ApplicationTest" time="0.015"/>
</testsuite>